app/build/intermediates/manifest_merge_blame_file/debug/manifest-merger-blame-debug-report.txt
1<?xml version="1.0" encoding="utf-8"?>
2<manifest xmlns:android="http://schemas.android.com/apk/res/android"
3    package="mpd.coursework"
4    android:versionCode="1"
5    android:versionName="1.0" >
6
7    <uses-sdk
8        android:minSdkVersion="23"
8-->src\main\AndroidManifest.xml
9        android:targetSdkVersion="29" />
9-->src\main\AndroidManifest.xml
10
11    <uses-permission android:name="android.permission.INTERNET" />
11-->src\main\AndroidManifest.xml:5:5-67
11-->src\main\AndroidManifest.xml:5:22-64
12    <uses-permission android:name="android.permission.WRITE_EXTERNAL_STORAGE" />
12-->src\main\AndroidManifest.xml:6:5-81
12-->src\main\AndroidManifest.xml:6:22-78
13    <uses-permission android:name="android.permission.ACCESS_FINE_LOCATION" />
13-->src\main\AndroidManifest.xml:7:5-78
13-->src\main\AndroidManifest.xml:7:22-76
14    <uses-permission android:name="android.permission.ACCESS_COARSE_LOCATION" />
14-->src\main\AndroidManifest.xml:8:5-80
14-->src\main\AndroidManifest.xml:8:22-78
15
16    <uses-feature
16-->src\main\AndroidManifest.xml:9:5-11:34
17        android:glEsVersion="0x00020000"
17-->src\main\AndroidManifest.xml:10:9-41
18        android:required="true" />
18-->src\main\AndroidManifest.xml:11:9-32
19
20    <!-- Include required permissions for Google Maps API to run. -->
21    <uses-permission android:name="android.permission.ACCESS_NETWORK_STATE" />
21-->[com.google.android.gms:play-services-maps:17.0.0] AndroidManifest.xml:23:5-79
21-->[com.google.android.gms:play-services-maps:17.0.0] AndroidManifest.xml:23:22-76
22
23    <application
23-->src\main\AndroidManifest.xml:13:5-45:19
24        android:allowBackup="true"
24-->src\main\AndroidManifest.xml:14:9-35
25        android:appComponentFactory="androidx.core.app.CoreComponentFactory"
25-->[androidx.core:core:1.0.1] AndroidManifest.xml:22:18-86
26        android:debuggable="true"
27        android:icon="@mipmap/ic_launcher"
27-->src\main\AndroidManifest.xml:15:9-43
28        android:label="MPD Coursework - S1624519"
28-->src\main\AndroidManifest.xml:16:9-50
29        android:roundIcon="@mipmap/ic_launcher_round"
29-->src\main\AndroidManifest.xml:17:9-54
30        android:supportsRtl="true"
30-->src\main\AndroidManifest.xml:18:9-35
31        android:testOnly="true"
32        android:theme="@style/AppTheme"
32-->src\main\AndroidManifest.xml:19:9-40
33        android:usesCleartextTraffic="true" >
33-->src\main\AndroidManifest.xml:20:9-44
34        <activity
34-->src\main\AndroidManifest.xml:21:9-24:57
35            android:name="mpd.coursework.MapActivity"
35-->src\main\AndroidManifest.xml:22:13-40
36            android:label="Map - S1624519"
36-->src\main\AndroidManifest.xml:23:13-43
37            android:parentActivityName="mpd.coursework.MainActivity" />
37-->src\main\AndroidManifest.xml:24:13-55
38        <activity android:name="mpd.coursework.MainActivity" >
38-->src\main\AndroidManifest.xml:25:9-31:20
38-->src\main\AndroidManifest.xml:25:19-47
39            <intent-filter>
39-->src\main\AndroidManifest.xml:26:13-30:29
40                <action android:name="android.intent.action.MAIN" />
40-->src\main\AndroidManifest.xml:27:17-69
40-->src\main\AndroidManifest.xml:27:25-66
41
42                <category android:name="android.intent.category.LAUNCHER" />
42-->src\main\AndroidManifest.xml:29:17-77
42-->src\main\AndroidManifest.xml:29:27-74
43            </intent-filter>
44        </activity>
45
46        <meta-data
46-->src\main\AndroidManifest.xml:33:9-35:57
47            android:name="com.google.android.geo.API_KEY"
47-->src\main\AndroidManifest.xml:34:13-58
48            android:value="@string/google_map_api_key" />
48-->src\main\AndroidManifest.xml:35:13-55
49        <meta-data
49-->src\main\AndroidManifest.xml:36:9-38:69
50            android:name="com.google.android.gms.version"
50-->src\main\AndroidManifest.xml:37:13-58
51            android:value="@integer/google_play_services_version" />
51-->src\main\AndroidManifest.xml:38:13-66
52
53        <uses-library
53-->src\main\AndroidManifest.xml:40:9-42:40
54            android:name="org.apache.http.legacy"
54-->src\main\AndroidManifest.xml:41:13-50
55            android:required="false" />
55-->src\main\AndroidManifest.xml:42:13-37
56
57        <activity
57-->[com.google.android.gms:play-services-base:17.0.0] AndroidManifest.xml:23:9-26:75
58            android:name="com.google.android.gms.common.api.GoogleApiActivity"
58-->[com.google.android.gms:play-services-base:17.0.0] AndroidManifest.xml:24:13-79
59            android:exported="false"
59-->[com.google.android.gms:play-services-base:17.0.0] AndroidManifest.xml:25:13-37
60            android:theme="@android:style/Theme.Translucent.NoTitleBar" />
60-->[com.google.android.gms:play-services-base:17.0.0] AndroidManifest.xml:26:13-72
61    </application>
62
63</manifest>